(homework) C:\Users\SOFYA\AAA\Python\HW\homework>python -m pytest morse_test_decode.py
======================================================================= test session starts ========================================================================
platform win32 -- Python 3.8.5, pytest-6.1.2, py-1.9.0, pluggy-0.13.1
rootdir: C:\Users\SOFYA\AAA\Python\HW\homework
collected 4 items                                                                                                                                                   

morse_test_decode.py ...F                                                                                                                                     [100%]

============================================================================= FAILURES =============================================================================
____________________________________________________________________ test_decode[.---- ..----1] ____________________________________________________________________

morse_message = '.---- ..---', exp = '1'

    @pytest.mark.parametrize('morse_message,exp', [
        ('... --- ...', 'SOS'),
        ('... .---- ..--..', 'S1?'),
        ('..... ..-.', '5F'),
        ('.---- ..---', '1')
    ])
    def test_decode(morse_message: str, exp: str):
>       assert decode(morse_message) == exp
E       AssertionError: assert '12' == '1'
E         - 1
E         + 12

morse_test_decode.py:46: AssertionError
===================================================================== short test summary info ======================================================================
FAILED morse_test_decode.py::test_decode[.---- ..----1] - AssertionError: assert '12' == '1'
=================================================================== 1 failed, 3 passed in 0.24s ====================================================================
